Determining if the pthread_create exist failed with the following output:
Change Dir: /home/congxin/CLionProjects/Leetcode/cmake-build-debug/CMakeFiles/CMakeTmp

Run Build Command:"/usr/bin/make" "cmTC_ca1c0/fast"
/usr/bin/make -f CMakeFiles/cmTC_ca1c0.dir/build.make CMakeFiles/cmTC_ca1c0.dir/build
make[1]: Entering directory '/home/congxin/CLionProjects/Leetcode/cmake-build-debug/CMakeFiles/CMakeTmp'
Building C object CMakeFiles/cmTC_ca1c0.dir/CheckSymbolExists.c.o
/usr/bin/cc    -o CMakeFiles/cmTC_ca1c0.dir/CheckSymbolExists.c.o   -c /home/congxin/CLionProjects/Leetcode/cmake-build-debug/CMakeFiles/CMakeTmp/CheckSymbolExists.c
Linking C executable cmTC_ca1c0
/home/congxin/clion-2017.2.2/bin/cmake/bin/cmake -E cmake_link_script CMakeFiles/cmTC_ca1c0.dir/link.txt --verbose=1
/usr/bin/cc      -rdynamic CMakeFiles/cmTC_ca1c0.dir/CheckSymbolExists.c.o  -o cmTC_ca1c0 
CMakeFiles/cmTC_ca1c0.dir/CheckSymbolExists.c.o: In function `main':
CheckSymbolExists.c:(.text+0x16): undefined reference to `pthread_create'
collect2: error: ld returned 1 exit status
CMakeFiles/cmTC_ca1c0.dir/build.make:97: recipe for target 'cmTC_ca1c0' failed
make[1]: *** [cmTC_ca1c0] Error 1
make[1]: Leaving directory '/home/congxin/CLionProjects/Leetcode/cmake-build-debug/CMakeFiles/CMakeTmp'
Makefile:126: recipe for target 'cmTC_ca1c0/fast' failed
make: *** [cmTC_ca1c0/fast] Error 2

File /home/congxin/CLionProjects/Leetcode/cmake-build-debug/CMakeFiles/CMakeTmp/CheckSymbolExists.c:
/* */
#include <pthread.h>

int main(int argc, char** argv)
{
  (void)argv;
#ifndef pthread_create
  return ((int*)(&pthread_create))[argc];
#else
  (void)argc;
  return 0;
#endif
}

